Performing C SOURCE FILE Test HAVE_GCC_PREFERRED_STACK_BOUNDARY failed with the following output:
Change Dir: /Users/gustavo/dev/botijo/3rd_party/sdl2/build_mac_x86/CMakeFiles/CMakeTmp

Run Build Command:"/usr/bin/make" "cmTC_b89fd/fast"
/Library/Developer/CommandLineTools/usr/bin/make -f CMakeFiles/cmTC_b89fd.dir/build.make CMakeFiles/cmTC_b89fd.dir/build
Building C object CMakeFiles/cmTC_b89fd.dir/src.c.o
/usr/bin/gcc   -idirafter /Users/gustavo/dev/botijo/3rd_party/sdl2/src/video/khronos -DHAVE_GCC_PREFERRED_STACK_BOUNDARY -mpreferred-stack-boundary=2   -o CMakeFiles/cmTC_b89fd.dir/src.c.o   -c /Users/gustavo/dev/botijo/3rd_party/sdl2/build_mac_x86/CMakeFiles/CMakeTmp/src.c
clang: error: unknown argument: '-mpreferred-stack-boundary=2'
make[1]: *** [CMakeFiles/cmTC_b89fd.dir/src.c.o] Error 1
make: *** [cmTC_b89fd/fast] Error 2

Source file was:
int x = 0; int main(int argc, char **argv) {}
Performing C SOURCE FILE Test HAVE_ALTIVEC_H_HDR failed with the following output:
Change Dir: /Users/gustavo/dev/botijo/3rd_party/sdl2/build_mac_x86/CMakeFiles/CMakeTmp

Run Build Command:"/usr/bin/make" "cmTC_d2e0d/fast"
/Library/Developer/CommandLineTools/usr/bin/make -f CMakeFiles/cmTC_d2e0d.dir/build.make CMakeFiles/cmTC_d2e0d.dir/build
Building C object CMakeFiles/cmTC_d2e0d.dir/src.c.o
/usr/bin/gcc   -idirafter /Users/gustavo/dev/botijo/3rd_party/sdl2/src/video/khronos -DHAVE_ALTIVEC_H_HDR -maltivec   -o CMakeFiles/cmTC_d2e0d.dir/src.c.o   -c /Users/gustavo/dev/botijo/3rd_party/sdl2/build_mac_x86/CMakeFiles/CMakeTmp/src.c
clang: warning: argument unused during compilation: '-maltivec' [-Wunused-command-line-argument]
In file included from /Users/gustavo/dev/botijo/3rd_party/sdl2/build_mac_x86/CMakeFiles/CMakeTmp/src.c:2:
/Library/Developer/CommandLineTools/usr/lib/clang/9.1.0/include/altivec.h:27:2: error: "AltiVec support not enabled"
#error "AltiVec support not enabled"
 ^
/Library/Developer/CommandLineTools/usr/lib/clang/9.1.0/include/altivec.h:62:19: error: unknown type name 'vector'
static __inline__ vector signed char __ATTRS_o_ai vec_perm(
                  ^
/Library/Developer/CommandLineTools/usr/lib/clang/9.1.0/include/altivec.h:62:26: error: expected identifier or '('
static __inline__ vector signed char __ATTRS_o_ai vec_perm(
                         ^
/Library/Developer/CommandLineTools/usr/lib/clang/9.1.0/include/altivec.h:65:19: error: unknown type name 'vector'
static __inline__ vector unsigned char __ATTRS_o_ai
                  ^
/Library/Developer/CommandLineTools/usr/lib/clang/9.1.0/include/altivec.h:65:26: error: expected identifier or '('
static __inline__ vector unsigned char __ATTRS_o_ai
                         ^
/Library/Developer/CommandLineTools/usr/lib/clang/9.1.0/include/altivec.h:69:19: error: unknown type name 'vector'
static __inline__ vector bool char __ATTRS_o_ai
                  ^
/Library/Developer/CommandLineTools/usr/lib/clang/9.1.0/include/altivec.h:69:8: error: 'inline' can only appear on functions
static __inline__ vector bool char __ATTRS_o_ai
       ^
/Library/Developer/CommandLineTools/usr/lib/clang/9.1.0/include/altivec.h:69:30: error: expected ';' after top level declarator
static __inline__ vector bool char __ATTRS_o_ai
                             ^
/Library/Developer/CommandLineTools/usr/lib/clang/9.1.0/include/altivec.h:70:10: error: unknown type name 'vector'
vec_perm(vector bool char __a, vector bool char __b, vector unsigned char __c);
         ^
/Library/Developer/CommandLineTools/usr/lib/clang/9.1.0/include/altivec.h:70:22: error: expected ')'
vec_perm(vector bool char __a, vector bool char __b, vector unsigned char __c);
                     ^
/Library/Developer/CommandLineTools/usr/lib/clang/9.1.0/include/altivec.h:70:9: note: to match this '('
vec_perm(vector bool char __a, vector bool char __b, vector unsigned char __c);
        ^
/Library/Developer/CommandLineTools/usr/lib/clang/9.1.0/include/altivec.h:72:19: error: unknown type name 'vector'
static __inline__ vector short __ATTRS_o_ai vec_perm(vector signed short __a,
                  ^
/Library/Developer/CommandLineTools/usr/lib/clang/9.1.0/include/altivec.h:72:26: error: expected identifier or '('
static __inline__ vector short __ATTRS_o_ai vec_perm(vector signed short __a,
                         ^
/Library/Developer/CommandLineTools/usr/lib/clang/9.1.0/include/altivec.h:76:19: error: unknown type name 'vector'
static __inline__ vector unsigned short __ATTRS_o_ai
                  ^
/Library/Developer/CommandLineTools/usr/lib/clang/9.1.0/include/altivec.h:76:26: error: expected identifier or '('
static __inline__ vector unsigned short __ATTRS_o_ai
                         ^
/Library/Developer/CommandLineTools/usr/lib/clang/9.1.0/include/altivec.h:80:19: error: unknown type name 'vector'
static __inline__ vector bool short __ATTRS_o_ai vec_perm(
                  ^
/Library/Developer/CommandLineTools/usr/lib/clang/9.1.0/include/altivec.h:80:8: error: 'inline' can only appear on functions
static __inline__ vector bool short __ATTRS_o_ai vec_perm(
       ^
/Library/Developer/CommandLineTools/usr/lib/clang/9.1.0/include/altivec.h:80:30: error: expected ';' after top level declarator
static __inline__ vector bool short __ATTRS_o_ai vec_perm(
                             ^
/Library/Developer/CommandLineTools/usr/lib/clang/9.1.0/include/altivec.h:81:5: error: unknown type name 'vector'
    vector bool short __a, vector bool short __b, vector unsigned char __c);
    ^
/Library/Developer/CommandLineTools/usr/lib/clang/9.1.0/include/altivec.h:81:17: error: expected ')'
    vector bool short __a, vector bool short __b, vector unsigned char __c);
                ^
/Library/Developer/CommandLineTools/usr/lib/clang/9.1.0/include/altivec.h:80:58: note: to match this '('
static __inline__ vector bool short __ATTRS_o_ai vec_perm(
                                                         ^
fatal error: too many errors emitted, stopping now [-ferror-limit=]
20 errors generated.
make[1]: *** [CMakeFiles/cmTC_d2e0d.dir/src.c.o] Error 1
make: *** [cmTC_d2e0d/fast] Error 2

Source file was:

          #include <altivec.h>
          vector unsigned int vzero() {
              return vec_splat_u32(0);
          }
          int main(int argc, char **argv) { }
Performing C SOURCE FILE Test HAVE_ALTIVEC failed with the following output:
Change Dir: /Users/gustavo/dev/botijo/3rd_party/sdl2/build_mac_x86/CMakeFiles/CMakeTmp

Run Build Command:"/usr/bin/make" "cmTC_b74f1/fast"
/Library/Developer/CommandLineTools/usr/bin/make -f CMakeFiles/cmTC_b74f1.dir/build.make CMakeFiles/cmTC_b74f1.dir/build
Building C object CMakeFiles/cmTC_b74f1.dir/src.c.o
/usr/bin/gcc   -idirafter /Users/gustavo/dev/botijo/3rd_party/sdl2/src/video/khronos -DHAVE_ALTIVEC -maltivec   -o CMakeFiles/cmTC_b74f1.dir/src.c.o   -c /Users/gustavo/dev/botijo/3rd_party/sdl2/build_mac_x86/CMakeFiles/CMakeTmp/src.c
clang: warning: argument unused during compilation: '-maltivec' [-Wunused-command-line-argument]
/Users/gustavo/dev/botijo/3rd_party/sdl2/build_mac_x86/CMakeFiles/CMakeTmp/src.c:2:11: error: unknown type name 'vector'
          vector unsigned int vzero() {
          ^
/Users/gustavo/dev/botijo/3rd_party/sdl2/build_mac_x86/CMakeFiles/CMakeTmp/src.c:2:18: error: expected identifier or '('
          vector unsigned int vzero() {
                 ^
2 errors generated.
make[1]: *** [CMakeFiles/cmTC_b74f1.dir/src.c.o] Error 1
make: *** [cmTC_b74f1/fast] Error 2

Source file was:

          vector unsigned int vzero() {
              return vec_splat_u32(0);
          }
          int main(int argc, char **argv) { }
Determining if the include file malloc.h exists failed with the following output:
Change Dir: /Users/gustavo/dev/botijo/3rd_party/sdl2/build_mac_x86/CMakeFiles/CMakeTmp

Run Build Command:"/usr/bin/make" "cmTC_8d8c7/fast"
/Library/Developer/CommandLineTools/usr/bin/make -f CMakeFiles/cmTC_8d8c7.dir/build.make CMakeFiles/cmTC_8d8c7.dir/build
Building C object CMakeFiles/cmTC_8d8c7.dir/CheckIncludeFile.c.o
/usr/bin/gcc   -idirafter /Users/gustavo/dev/botijo/3rd_party/sdl2/src/video/khronos    -o CMakeFiles/cmTC_8d8c7.dir/CheckIncludeFile.c.o   -c /Users/gustavo/dev/botijo/3rd_party/sdl2/build_mac_x86/CMakeFiles/CMakeTmp/CheckIncludeFile.c
/Users/gustavo/dev/botijo/3rd_party/sdl2/build_mac_x86/CMakeFiles/CMakeTmp/CheckIncludeFile.c:1:10: fatal error: 'malloc.h' file not found
#include <malloc.h>
         ^~~~~~~~~~
1 error generated.
make[1]: *** [CMakeFiles/cmTC_8d8c7.dir/CheckIncludeFile.c.o] Error 1
make: *** [cmTC_8d8c7/fast] Error 2


Determining if the function _strrev exists failed with the following output:
Change Dir: /Users/gustavo/dev/botijo/3rd_party/sdl2/build_mac_x86/CMakeFiles/CMakeTmp

Run Build Command:"/usr/bin/make" "cmTC_f3bc3/fast"
/Library/Developer/CommandLineTools/usr/bin/make -f CMakeFiles/cmTC_f3bc3.dir/build.make CMakeFiles/cmTC_f3bc3.dir/build
Building C object CMakeFiles/cmTC_f3bc3.dir/CheckFunctionExists.c.o
/usr/bin/gcc   -idirafter /Users/gustavo/dev/botijo/3rd_party/sdl2/src/video/khronos -DCHECK_FUNCTION_EXISTS=_strrev   -o CMakeFiles/cmTC_f3bc3.dir/CheckFunctionExists.c.o   -c /Applications/CMake.app/Contents/share/cmake-3.9/Modules/CheckFunctionExists.c
Linking C executable cmTC_f3bc3
/Applications/CMake.app/Contents/bin/cmake -E cmake_link_script CMakeFiles/cmTC_f3bc3.dir/link.txt --verbose=1
/usr/bin/gcc  -idirafter /Users/gustavo/dev/botijo/3rd_party/sdl2/src/video/khronos -DCHECK_FUNCTION_EXISTS=_strrev -Wl,-search_paths_first -Wl,-headerpad_max_install_names   CMakeFiles/cmTC_f3bc3.dir/CheckFunctionExists.c.o  -o cmTC_f3bc3 
Undefined symbols for architecture x86_64:
  "__strrev", referenced from:
      _main in CheckFunctionExists.c.o
ld: symbol(s) not found for architecture x86_64
clang: error: linker command failed with exit code 1 (use -v to see invocation)
make[1]: *** [cmTC_f3bc3] Error 1
make: *** [cmTC_f3bc3/fast] Error 2


Determining if the function _strupr exists failed with the following output:
Change Dir: /Users/gustavo/dev/botijo/3rd_party/sdl2/build_mac_x86/CMakeFiles/CMakeTmp

Run Build Command:"/usr/bin/make" "cmTC_619d0/fast"
/Library/Developer/CommandLineTools/usr/bin/make -f CMakeFiles/cmTC_619d0.dir/build.make CMakeFiles/cmTC_619d0.dir/build
Building C object CMakeFiles/cmTC_619d0.dir/CheckFunctionExists.c.o
/usr/bin/gcc   -idirafter /Users/gustavo/dev/botijo/3rd_party/sdl2/src/video/khronos -DCHECK_FUNCTION_EXISTS=_strupr   -o CMakeFiles/cmTC_619d0.dir/CheckFunctionExists.c.o   -c /Applications/CMake.app/Contents/share/cmake-3.9/Modules/CheckFunctionExists.c
Linking C executable cmTC_619d0
/Applications/CMake.app/Contents/bin/cmake -E cmake_link_script CMakeFiles/cmTC_619d0.dir/link.txt --verbose=1
/usr/bin/gcc  -idirafter /Users/gustavo/dev/botijo/3rd_party/sdl2/src/video/khronos -DCHECK_FUNCTION_EXISTS=_strupr -Wl,-search_paths_first -Wl,-headerpad_max_install_names   CMakeFiles/cmTC_619d0.dir/CheckFunctionExists.c.o  -o cmTC_619d0 
Undefined symbols for architecture x86_64:
  "__strupr", referenced from:
      _main in CheckFunctionExists.c.o
ld: symbol(s) not found for architecture x86_64
clang: error: linker command failed with exit code 1 (use -v to see invocation)
make[1]: *** [cmTC_619d0] Error 1
make: *** [cmTC_619d0/fast] Error 2


Determining if the function _strlwr exists failed with the following output:
Change Dir: /Users/gustavo/dev/botijo/3rd_party/sdl2/build_mac_x86/CMakeFiles/CMakeTmp

Run Build Command:"/usr/bin/make" "cmTC_78007/fast"
/Library/Developer/CommandLineTools/usr/bin/make -f CMakeFiles/cmTC_78007.dir/build.make CMakeFiles/cmTC_78007.dir/build
Building C object CMakeFiles/cmTC_78007.dir/CheckFunctionExists.c.o
/usr/bin/gcc   -idirafter /Users/gustavo/dev/botijo/3rd_party/sdl2/src/video/khronos -DCHECK_FUNCTION_EXISTS=_strlwr   -o CMakeFiles/cmTC_78007.dir/CheckFunctionExists.c.o   -c /Applications/CMake.app/Contents/share/cmake-3.9/Modules/CheckFunctionExists.c
Linking C executable cmTC_78007
/Applications/CMake.app/Contents/bin/cmake -E cmake_link_script CMakeFiles/cmTC_78007.dir/link.txt --verbose=1
/usr/bin/gcc  -idirafter /Users/gustavo/dev/botijo/3rd_party/sdl2/src/video/khronos -DCHECK_FUNCTION_EXISTS=_strlwr -Wl,-search_paths_first -Wl,-headerpad_max_install_names   CMakeFiles/cmTC_78007.dir/CheckFunctionExists.c.o  -o cmTC_78007 
Undefined symbols for architecture x86_64:
  "__strlwr", referenced from:
      _main in CheckFunctionExists.c.o
ld: symbol(s) not found for architecture x86_64
clang: error: linker command failed with exit code 1 (use -v to see invocation)
make[1]: *** [cmTC_78007] Error 1
make: *** [cmTC_78007/fast] Error 2


Determining if the function itoa exists failed with the following output:
Change Dir: /Users/gustavo/dev/botijo/3rd_party/sdl2/build_mac_x86/CMakeFiles/CMakeTmp

Run Build Command:"/usr/bin/make" "cmTC_7801d/fast"
/Library/Developer/CommandLineTools/usr/bin/make -f CMakeFiles/cmTC_7801d.dir/build.make CMakeFiles/cmTC_7801d.dir/build
Building C object CMakeFiles/cmTC_7801d.dir/CheckFunctionExists.c.o
/usr/bin/gcc   -idirafter /Users/gustavo/dev/botijo/3rd_party/sdl2/src/video/khronos -DCHECK_FUNCTION_EXISTS=itoa   -o CMakeFiles/cmTC_7801d.dir/CheckFunctionExists.c.o   -c /Applications/CMake.app/Contents/share/cmake-3.9/Modules/CheckFunctionExists.c
Linking C executable cmTC_7801d
/Applications/CMake.app/Contents/bin/cmake -E cmake_link_script CMakeFiles/cmTC_7801d.dir/link.txt --verbose=1
/usr/bin/gcc  -idirafter /Users/gustavo/dev/botijo/3rd_party/sdl2/src/video/khronos -DCHECK_FUNCTION_EXISTS=itoa -Wl,-search_paths_first -Wl,-headerpad_max_install_names   CMakeFiles/cmTC_7801d.dir/CheckFunctionExists.c.o  -o cmTC_7801d 
Undefined symbols for architecture x86_64:
  "_itoa", referenced from:
      _main in CheckFunctionExists.c.o
ld: symbol(s) not found for architecture x86_64
clang: error: linker command failed with exit code 1 (use -v to see invocation)
make[1]: *** [cmTC_7801d] Error 1
make: *** [cmTC_7801d/fast] Error 2


Determining if the function _ltoa exists failed with the following output:
Change Dir: /Users/gustavo/dev/botijo/3rd_party/sdl2/build_mac_x86/CMakeFiles/CMakeTmp

Run Build Command:"/usr/bin/make" "cmTC_e42fa/fast"
/Library/Developer/CommandLineTools/usr/bin/make -f CMakeFiles/cmTC_e42fa.dir/build.make CMakeFiles/cmTC_e42fa.dir/build
Building C object CMakeFiles/cmTC_e42fa.dir/CheckFunctionExists.c.o
/usr/bin/gcc   -idirafter /Users/gustavo/dev/botijo/3rd_party/sdl2/src/video/khronos -DCHECK_FUNCTION_EXISTS=_ltoa   -o CMakeFiles/cmTC_e42fa.dir/CheckFunctionExists.c.o   -c /Applications/CMake.app/Contents/share/cmake-3.9/Modules/CheckFunctionExists.c
Linking C executable cmTC_e42fa
/Applications/CMake.app/Contents/bin/cmake -E cmake_link_script CMakeFiles/cmTC_e42fa.dir/link.txt --verbose=1
/usr/bin/gcc  -idirafter /Users/gustavo/dev/botijo/3rd_party/sdl2/src/video/khronos -DCHECK_FUNCTION_EXISTS=_ltoa -Wl,-search_paths_first -Wl,-headerpad_max_install_names   CMakeFiles/cmTC_e42fa.dir/CheckFunctionExists.c.o  -o cmTC_e42fa 
Undefined symbols for architecture x86_64:
  "__ltoa", referenced from:
      _main in CheckFunctionExists.c.o
ld: symbol(s) not found for architecture x86_64
clang: error: linker command failed with exit code 1 (use -v to see invocation)
make[1]: *** [cmTC_e42fa] Error 1
make: *** [cmTC_e42fa/fast] Error 2


Determining if the function _uitoa exists failed with the following output:
Change Dir: /Users/gustavo/dev/botijo/3rd_party/sdl2/build_mac_x86/CMakeFiles/CMakeTmp

Run Build Command:"/usr/bin/make" "cmTC_9ced7/fast"
/Library/Developer/CommandLineTools/usr/bin/make -f CMakeFiles/cmTC_9ced7.dir/build.make CMakeFiles/cmTC_9ced7.dir/build
Building C object CMakeFiles/cmTC_9ced7.dir/CheckFunctionExists.c.o
/usr/bin/gcc   -idirafter /Users/gustavo/dev/botijo/3rd_party/sdl2/src/video/khronos -DCHECK_FUNCTION_EXISTS=_uitoa   -o CMakeFiles/cmTC_9ced7.dir/CheckFunctionExists.c.o   -c /Applications/CMake.app/Contents/share/cmake-3.9/Modules/CheckFunctionExists.c
Linking C executable cmTC_9ced7
/Applications/CMake.app/Contents/bin/cmake -E cmake_link_script CMakeFiles/cmTC_9ced7.dir/link.txt --verbose=1
/usr/bin/gcc  -idirafter /Users/gustavo/dev/botijo/3rd_party/sdl2/src/video/khronos -DCHECK_FUNCTION_EXISTS=_uitoa -Wl,-search_paths_first -Wl,-headerpad_max_install_names   CMakeFiles/cmTC_9ced7.dir/CheckFunctionExists.c.o  -o cmTC_9ced7 
Undefined symbols for architecture x86_64:
  "__uitoa", referenced from:
      _main in CheckFunctionExists.c.o
ld: symbol(s) not found for architecture x86_64
clang: error: linker command failed with exit code 1 (use -v to see invocation)
make[1]: *** [cmTC_9ced7] Error 1
make: *** [cmTC_9ced7/fast] Error 2


Determining if the function _ultoa exists failed with the following output:
Change Dir: /Users/gustavo/dev/botijo/3rd_party/sdl2/build_mac_x86/CMakeFiles/CMakeTmp

Run Build Command:"/usr/bin/make" "cmTC_60d73/fast"
/Library/Developer/CommandLineTools/usr/bin/make -f CMakeFiles/cmTC_60d73.dir/build.make CMakeFiles/cmTC_60d73.dir/build
Building C object CMakeFiles/cmTC_60d73.dir/CheckFunctionExists.c.o
/usr/bin/gcc   -idirafter /Users/gustavo/dev/botijo/3rd_party/sdl2/src/video/khronos -DCHECK_FUNCTION_EXISTS=_ultoa   -o CMakeFiles/cmTC_60d73.dir/CheckFunctionExists.c.o   -c /Applications/CMake.app/Contents/share/cmake-3.9/Modules/CheckFunctionExists.c
Linking C executable cmTC_60d73
/Applications/CMake.app/Contents/bin/cmake -E cmake_link_script CMakeFiles/cmTC_60d73.dir/link.txt --verbose=1
/usr/bin/gcc  -idirafter /Users/gustavo/dev/botijo/3rd_party/sdl2/src/video/khronos -DCHECK_FUNCTION_EXISTS=_ultoa -Wl,-search_paths_first -Wl,-headerpad_max_install_names   CMakeFiles/cmTC_60d73.dir/CheckFunctionExists.c.o  -o cmTC_60d73 
Undefined symbols for architecture x86_64:
  "__ultoa", referenced from:
      _main in CheckFunctionExists.c.o
ld: symbol(s) not found for architecture x86_64
clang: error: linker command failed with exit code 1 (use -v to see invocation)
make[1]: *** [cmTC_60d73] Error 1
make: *** [cmTC_60d73/fast] Error 2


Determining if the function _i64toa exists failed with the following output:
Change Dir: /Users/gustavo/dev/botijo/3rd_party/sdl2/build_mac_x86/CMakeFiles/CMakeTmp

Run Build Command:"/usr/bin/make" "cmTC_5ea85/fast"
/Library/Developer/CommandLineTools/usr/bin/make -f CMakeFiles/cmTC_5ea85.dir/build.make CMakeFiles/cmTC_5ea85.dir/build
Building C object CMakeFiles/cmTC_5ea85.dir/CheckFunctionExists.c.o
/usr/bin/gcc   -idirafter /Users/gustavo/dev/botijo/3rd_party/sdl2/src/video/khronos -DCHECK_FUNCTION_EXISTS=_i64toa   -o CMakeFiles/cmTC_5ea85.dir/CheckFunctionExists.c.o   -c /Applications/CMake.app/Contents/share/cmake-3.9/Modules/CheckFunctionExists.c
Linking C executable cmTC_5ea85
/Applications/CMake.app/Contents/bin/cmake -E cmake_link_script CMakeFiles/cmTC_5ea85.dir/link.txt --verbose=1
/usr/bin/gcc  -idirafter /Users/gustavo/dev/botijo/3rd_party/sdl2/src/video/khronos -DCHECK_FUNCTION_EXISTS=_i64toa -Wl,-search_paths_first -Wl,-headerpad_max_install_names   CMakeFiles/cmTC_5ea85.dir/CheckFunctionExists.c.o  -o cmTC_5ea85 
Undefined symbols for architecture x86_64:
  "__i64toa", referenced from:
      _main in CheckFunctionExists.c.o
ld: symbol(s) not found for architecture x86_64
clang: error: linker command failed with exit code 1 (use -v to see invocation)
make[1]: *** [cmTC_5ea85] Error 1
make: *** [cmTC_5ea85/fast] Error 2


Determining if the function _ui64toa exists failed with the following output:
Change Dir: /Users/gustavo/dev/botijo/3rd_party/sdl2/build_mac_x86/CMakeFiles/CMakeTmp

Run Build Command:"/usr/bin/make" "cmTC_b32dc/fast"
/Library/Developer/CommandLineTools/usr/bin/make -f CMakeFiles/cmTC_b32dc.dir/build.make CMakeFiles/cmTC_b32dc.dir/build
Building C object CMakeFiles/cmTC_b32dc.dir/CheckFunctionExists.c.o
/usr/bin/gcc   -idirafter /Users/gustavo/dev/botijo/3rd_party/sdl2/src/video/khronos -DCHECK_FUNCTION_EXISTS=_ui64toa   -o CMakeFiles/cmTC_b32dc.dir/CheckFunctionExists.c.o   -c /Applications/CMake.app/Contents/share/cmake-3.9/Modules/CheckFunctionExists.c
Linking C executable cmTC_b32dc
/Applications/CMake.app/Contents/bin/cmake -E cmake_link_script CMakeFiles/cmTC_b32dc.dir/link.txt --verbose=1
/usr/bin/gcc  -idirafter /Users/gustavo/dev/botijo/3rd_party/sdl2/src/video/khronos -DCHECK_FUNCTION_EXISTS=_ui64toa -Wl,-search_paths_first -Wl,-headerpad_max_install_names   CMakeFiles/cmTC_b32dc.dir/CheckFunctionExists.c.o  -o cmTC_b32dc 
Undefined symbols for architecture x86_64:
  "__ui64toa", referenced from:
      _main in CheckFunctionExists.c.o
ld: symbol(s) not found for architecture x86_64
clang: error: linker command failed with exit code 1 (use -v to see invocation)
make[1]: *** [cmTC_b32dc] Error 1
make: *** [cmTC_b32dc/fast] Error 2


Determining if the function _stricmp exists failed with the following output:
Change Dir: /Users/gustavo/dev/botijo/3rd_party/sdl2/build_mac_x86/CMakeFiles/CMakeTmp

Run Build Command:"/usr/bin/make" "cmTC_cc6f4/fast"
/Library/Developer/CommandLineTools/usr/bin/make -f CMakeFiles/cmTC_cc6f4.dir/build.make CMakeFiles/cmTC_cc6f4.dir/build
Building C object CMakeFiles/cmTC_cc6f4.dir/CheckFunctionExists.c.o
/usr/bin/gcc   -idirafter /Users/gustavo/dev/botijo/3rd_party/sdl2/src/video/khronos -DCHECK_FUNCTION_EXISTS=_stricmp   -o CMakeFiles/cmTC_cc6f4.dir/CheckFunctionExists.c.o   -c /Applications/CMake.app/Contents/share/cmake-3.9/Modules/CheckFunctionExists.c
Linking C executable cmTC_cc6f4
/Applications/CMake.app/Contents/bin/cmake -E cmake_link_script CMakeFiles/cmTC_cc6f4.dir/link.txt --verbose=1
/usr/bin/gcc  -idirafter /Users/gustavo/dev/botijo/3rd_party/sdl2/src/video/khronos -DCHECK_FUNCTION_EXISTS=_stricmp -Wl,-search_paths_first -Wl,-headerpad_max_install_names   CMakeFiles/cmTC_cc6f4.dir/CheckFunctionExists.c.o  -o cmTC_cc6f4 
Undefined symbols for architecture x86_64:
  "__stricmp", referenced from:
      _main in CheckFunctionExists.c.o
ld: symbol(s) not found for architecture x86_64
clang: error: linker command failed with exit code 1 (use -v to see invocation)
make[1]: *** [cmTC_cc6f4] Error 1
make: *** [cmTC_cc6f4/fast] Error 2


Determining if the function _strnicmp exists failed with the following output:
Change Dir: /Users/gustavo/dev/botijo/3rd_party/sdl2/build_mac_x86/CMakeFiles/CMakeTmp

Run Build Command:"/usr/bin/make" "cmTC_14828/fast"
/Library/Developer/CommandLineTools/usr/bin/make -f CMakeFiles/cmTC_14828.dir/build.make CMakeFiles/cmTC_14828.dir/build
Building C object CMakeFiles/cmTC_14828.dir/CheckFunctionExists.c.o
/usr/bin/gcc   -idirafter /Users/gustavo/dev/botijo/3rd_party/sdl2/src/video/khronos -DCHECK_FUNCTION_EXISTS=_strnicmp   -o CMakeFiles/cmTC_14828.dir/CheckFunctionExists.c.o   -c /Applications/CMake.app/Contents/share/cmake-3.9/Modules/CheckFunctionExists.c
Linking C executable cmTC_14828
/Applications/CMake.app/Contents/bin/cmake -E cmake_link_script CMakeFiles/cmTC_14828.dir/link.txt --verbose=1
/usr/bin/gcc  -idirafter /Users/gustavo/dev/botijo/3rd_party/sdl2/src/video/khronos -DCHECK_FUNCTION_EXISTS=_strnicmp -Wl,-search_paths_first -Wl,-headerpad_max_install_names   CMakeFiles/cmTC_14828.dir/CheckFunctionExists.c.o  -o cmTC_14828 
Undefined symbols for architecture x86_64:
  "__strnicmp", referenced from:
      _main in CheckFunctionExists.c.o
ld: symbol(s) not found for architecture x86_64
clang: error: linker command failed with exit code 1 (use -v to see invocation)
make[1]: *** [cmTC_14828] Error 1
make: *** [cmTC_14828/fast] Error 2


Determining if the function fopen64 exists failed with the following output:
Change Dir: /Users/gustavo/dev/botijo/3rd_party/sdl2/build_mac_x86/CMakeFiles/CMakeTmp

Run Build Command:"/usr/bin/make" "cmTC_f1954/fast"
/Library/Developer/CommandLineTools/usr/bin/make -f CMakeFiles/cmTC_f1954.dir/build.make CMakeFiles/cmTC_f1954.dir/build
Building C object CMakeFiles/cmTC_f1954.dir/CheckFunctionExists.c.o
/usr/bin/gcc   -idirafter /Users/gustavo/dev/botijo/3rd_party/sdl2/src/video/khronos -DCHECK_FUNCTION_EXISTS=fopen64   -o CMakeFiles/cmTC_f1954.dir/CheckFunctionExists.c.o   -c /Applications/CMake.app/Contents/share/cmake-3.9/Modules/CheckFunctionExists.c
Linking C executable cmTC_f1954
/Applications/CMake.app/Contents/bin/cmake -E cmake_link_script CMakeFiles/cmTC_f1954.dir/link.txt --verbose=1
/usr/bin/gcc  -idirafter /Users/gustavo/dev/botijo/3rd_party/sdl2/src/video/khronos -DCHECK_FUNCTION_EXISTS=fopen64 -Wl,-search_paths_first -Wl,-headerpad_max_install_names   CMakeFiles/cmTC_f1954.dir/CheckFunctionExists.c.o  -o cmTC_f1954 
Undefined symbols for architecture x86_64:
  "_fopen64", referenced from:
      _main in CheckFunctionExists.c.o
ld: symbol(s) not found for architecture x86_64
clang: error: linker command failed with exit code 1 (use -v to see invocation)
make[1]: *** [cmTC_f1954] Error 1
make: *** [cmTC_f1954/fast] Error 2


Determining if the function fseeko64 exists failed with the following output:
Change Dir: /Users/gustavo/dev/botijo/3rd_party/sdl2/build_mac_x86/CMakeFiles/CMakeTmp

Run Build Command:"/usr/bin/make" "cmTC_d5e66/fast"
/Library/Developer/CommandLineTools/usr/bin/make -f CMakeFiles/cmTC_d5e66.dir/build.make CMakeFiles/cmTC_d5e66.dir/build
Building C object CMakeFiles/cmTC_d5e66.dir/CheckFunctionExists.c.o
/usr/bin/gcc   -idirafter /Users/gustavo/dev/botijo/3rd_party/sdl2/src/video/khronos -DCHECK_FUNCTION_EXISTS=fseeko64   -o CMakeFiles/cmTC_d5e66.dir/CheckFunctionExists.c.o   -c /Applications/CMake.app/Contents/share/cmake-3.9/Modules/CheckFunctionExists.c
Linking C executable cmTC_d5e66
/Applications/CMake.app/Contents/bin/cmake -E cmake_link_script CMakeFiles/cmTC_d5e66.dir/link.txt --verbose=1
/usr/bin/gcc  -idirafter /Users/gustavo/dev/botijo/3rd_party/sdl2/src/video/khronos -DCHECK_FUNCTION_EXISTS=fseeko64 -Wl,-search_paths_first -Wl,-headerpad_max_install_names   CMakeFiles/cmTC_d5e66.dir/CheckFunctionExists.c.o  -o cmTC_d5e66 
Undefined symbols for architecture x86_64:
  "_fseeko64", referenced from:
      _main in CheckFunctionExists.c.o
ld: symbol(s) not found for architecture x86_64
clang: error: linker command failed with exit code 1 (use -v to see invocation)
make[1]: *** [cmTC_d5e66] Error 1
make: *** [cmTC_d5e66/fast] Error 2


Determining if the function getauxval exists failed with the following output:
Change Dir: /Users/gustavo/dev/botijo/3rd_party/sdl2/build_mac_x86/CMakeFiles/CMakeTmp

Run Build Command:"/usr/bin/make" "cmTC_81b77/fast"
/Library/Developer/CommandLineTools/usr/bin/make -f CMakeFiles/cmTC_81b77.dir/build.make CMakeFiles/cmTC_81b77.dir/build
Building C object CMakeFiles/cmTC_81b77.dir/CheckFunctionExists.c.o
/usr/bin/gcc   -idirafter /Users/gustavo/dev/botijo/3rd_party/sdl2/src/video/khronos -DCHECK_FUNCTION_EXISTS=getauxval   -o CMakeFiles/cmTC_81b77.dir/CheckFunctionExists.c.o   -c /Applications/CMake.app/Contents/share/cmake-3.9/Modules/CheckFunctionExists.c
Linking C executable cmTC_81b77
/Applications/CMake.app/Contents/bin/cmake -E cmake_link_script CMakeFiles/cmTC_81b77.dir/link.txt --verbose=1
/usr/bin/gcc  -idirafter /Users/gustavo/dev/botijo/3rd_party/sdl2/src/video/khronos -DCHECK_FUNCTION_EXISTS=getauxval -Wl,-search_paths_first -Wl,-headerpad_max_install_names   CMakeFiles/cmTC_81b77.dir/CheckFunctionExists.c.o  -o cmTC_81b77 
Undefined symbols for architecture x86_64:
  "_getauxval", referenced from:
      _main in CheckFunctionExists.c.o
ld: symbol(s) not found for architecture x86_64
clang: error: linker command failed with exit code 1 (use -v to see invocation)
make[1]: *** [cmTC_81b77] Error 1
make: *** [cmTC_81b77/fast] Error 2


Performing C SOURCE FILE Test HAVE_SEM_TIMEDWAIT failed with the following output:
Change Dir: /Users/gustavo/dev/botijo/3rd_party/sdl2/build_mac_x86/CMakeFiles/CMakeTmp

Run Build Command:"/usr/bin/make" "cmTC_92d56/fast"
/Library/Developer/CommandLineTools/usr/bin/make -f CMakeFiles/cmTC_92d56.dir/build.make CMakeFiles/cmTC_92d56.dir/build
Building C object CMakeFiles/cmTC_92d56.dir/src.c.o
/usr/bin/gcc   -idirafter /Users/gustavo/dev/botijo/3rd_party/sdl2/src/video/khronos -DHAVE_SEM_TIMEDWAIT  -D_THREAD_SAFE   -o CMakeFiles/cmTC_92d56.dir/src.c.o   -c /Users/gustavo/dev/botijo/3rd_party/sdl2/build_mac_x86/CMakeFiles/CMakeTmp/src.c
/Users/gustavo/dev/botijo/3rd_party/sdl2/build_mac_x86/CMakeFiles/CMakeTmp/src.c:5:19: warning: implicit declaration of function 'sem_timedwait' is invalid in C99 [-Wimplicit-function-declaration]
                  sem_timedwait(NULL, NULL);
                  ^
1 warning generated.
Linking C executable cmTC_92d56
/Applications/CMake.app/Contents/bin/cmake -E cmake_link_script CMakeFiles/cmTC_92d56.dir/link.txt --verbose=1
/usr/bin/gcc  -idirafter /Users/gustavo/dev/botijo/3rd_party/sdl2/src/video/khronos -DHAVE_SEM_TIMEDWAIT  -D_THREAD_SAFE -Wl,-search_paths_first -Wl,-headerpad_max_install_names   CMakeFiles/cmTC_92d56.dir/src.c.o  -o cmTC_92d56 
Undefined symbols for architecture x86_64:
  "_sem_timedwait", referenced from:
      _main in src.c.o
ld: symbol(s) not found for architecture x86_64
clang: error: linker command failed with exit code 1 (use -v to see invocation)
make[1]: *** [cmTC_92d56] Error 1
make: *** [cmTC_92d56/fast] Error 2

Source file was:

              #include <pthread.h>
              #include <semaphore.h>
              int main(int argc, char **argv) {
                  sem_timedwait(NULL, NULL);
                  return 0;
              }
Performing C SOURCE FILE Test HAVE_PTHREAD_NP_H failed with the following output:
Change Dir: /Users/gustavo/dev/botijo/3rd_party/sdl2/build_mac_x86/CMakeFiles/CMakeTmp

Run Build Command:"/usr/bin/make" "cmTC_de9d9/fast"
/Library/Developer/CommandLineTools/usr/bin/make -f CMakeFiles/cmTC_de9d9.dir/build.make CMakeFiles/cmTC_de9d9.dir/build
Building C object CMakeFiles/cmTC_de9d9.dir/src.c.o
/usr/bin/gcc   -idirafter /Users/gustavo/dev/botijo/3rd_party/sdl2/src/video/khronos -DHAVE_PTHREAD_NP_H  -D_THREAD_SAFE   -o CMakeFiles/cmTC_de9d9.dir/src.c.o   -c /Users/gustavo/dev/botijo/3rd_party/sdl2/build_mac_x86/CMakeFiles/CMakeTmp/src.c
/Users/gustavo/dev/botijo/3rd_party/sdl2/build_mac_x86/CMakeFiles/CMakeTmp/src.c:3:20: fatal error: 'pthread_np.h' file not found
          #include <pthread_np.h>
                   ^~~~~~~~~~~~~~
1 error generated.
make[1]: *** [CMakeFiles/cmTC_de9d9.dir/src.c.o] Error 1
make: *** [cmTC_de9d9/fast] Error 2

Source file was:

          #include <pthread.h>
          #include <pthread_np.h>
          int main(int argc, char** argv) { return 0; }
Determining if the function pthread_set_name_np exists failed with the following output:
Change Dir: /Users/gustavo/dev/botijo/3rd_party/sdl2/build_mac_x86/CMakeFiles/CMakeTmp

Run Build Command:"/usr/bin/make" "cmTC_ee254/fast"
/Library/Developer/CommandLineTools/usr/bin/make -f CMakeFiles/cmTC_ee254.dir/build.make CMakeFiles/cmTC_ee254.dir/build
Building C object CMakeFiles/cmTC_ee254.dir/CheckFunctionExists.c.o
/usr/bin/gcc   -idirafter /Users/gustavo/dev/botijo/3rd_party/sdl2/src/video/khronos -DCHECK_FUNCTION_EXISTS=pthread_set_name_np  -D_THREAD_SAFE   -o CMakeFiles/cmTC_ee254.dir/CheckFunctionExists.c.o   -c /Applications/CMake.app/Contents/share/cmake-3.9/Modules/CheckFunctionExists.c
Linking C executable cmTC_ee254
/Applications/CMake.app/Contents/bin/cmake -E cmake_link_script CMakeFiles/cmTC_ee254.dir/link.txt --verbose=1
/usr/bin/gcc  -idirafter /Users/gustavo/dev/botijo/3rd_party/sdl2/src/video/khronos -DCHECK_FUNCTION_EXISTS=pthread_set_name_np  -D_THREAD_SAFE -Wl,-search_paths_first -Wl,-headerpad_max_install_names   CMakeFiles/cmTC_ee254.dir/CheckFunctionExists.c.o  -o cmTC_ee254 
Undefined symbols for architecture x86_64:
  "_pthread_set_name_np", referenced from:
      _main in CheckFunctionExists.c.o
ld: symbol(s) not found for architecture x86_64
clang: error: linker command failed with exit code 1 (use -v to see invocation)
make[1]: *** [cmTC_ee254] Error 1
make: *** [cmTC_ee254/fast] Error 2


